TN:
SF:src/index.test.ts
FN:44,expectBlockKeys
FNF:1
FNH:1
FNDA:1,expectBlockKeys
DA:1,1
DA:7,1
DA:9,1
DA:12,1
DA:13,1
DA:14,1
DA:15,1
DA:16,1
DA:17,1
DA:18,1
DA:19,1
DA:20,1
DA:21,1
DA:22,1
DA:23,1
DA:25,1
DA:26,1
DA:27,1
DA:28,1
DA:30,1
DA:31,1
DA:32,1
DA:34,1
DA:35,1
DA:36,1
DA:37,1
DA:39,1
DA:40,1
DA:41,1
DA:42,1
DA:44,1
DA:45,1
DA:46,1
DA:47,1
DA:48,1
DA:49,1
DA:50,1
DA:51,1
DA:52,1
DA:53,1
DA:54,1
DA:56,1
DA:57,1
DA:58,1
DA:59,1
DA:60,1
DA:61,1
DA:62,1
DA:64,1
DA:65,1
DA:66,1
DA:67,1
DA:68,1
DA:70,1
DA:71,1
DA:72,1
DA:73,1
DA:74,1
DA:75,1
DA:77,1
DA:78,1
DA:79,1
DA:80,1
DA:81,1
DA:82,1
DA:83,1
DA:84,1
DA:85,1
DA:86,1
DA:87,1
DA:88,1
DA:90,1
DA:91,1
DA:92,1
DA:93,1
DA:94,1
DA:95,1
DA:96,1
DA:97,1
DA:98,1
DA:99,1
DA:101,1
DA:102,1
DA:103,1
DA:105,1
DA:106,1
DA:107,1
DA:108,1
DA:109,1
DA:110,1
DA:112,1
DA:113,1
DA:114,10
DA:115,10
DA:117,10
DA:118,10
DA:119,10
DA:120,10
DA:121,1
DA:122,1
DA:124,1
DA:125,1
DA:126,1
DA:127,1
DA:128,1
DA:129,1
DA:130,1
DA:131,1
DA:132,1
DA:133,1
DA:135,1
DA:136,1
DA:137,1
DA:138,1
DA:140,1
DA:141,1
DA:142,1
DA:143,1
DA:144,1
DA:146,1
DA:147,1
DA:149,1
DA:150,1
DA:151,1
DA:152,1
DA:153,1
DA:155,1
DA:156,1
DA:157,1
LF:129
LH:129
BRDA:25,0,0,1
BRDA:26,1,0,1
BRDA:30,2,0,1
BRDA:34,3,0,1
BRDA:39,4,0,1
BRDA:44,5,0,1
BRDA:56,6,0,1
BRDA:64,7,0,1
BRDA:77,8,0,1
BRDA:101,9,0,1
BRDA:112,10,0,1
BRDA:113,11,0,10
BRDA:124,12,0,1
BRDA:140,13,0,1
BRDA:149,14,0,1
BRF:15
BRH:15
end_of_record
TN:
SF:src/index.ts
FN:255,reduceDigits
FN:261,collectDigits
FN:264,sumToCoreNumber
FN:336,header
FN:337,resonanceIntro
FN:339,essence
FN:341,intention
FN:343,reflection
FN:347,header
FN:348,resonanceIntro
FN:350,essence
FN:352,intention
FN:354,reflection
FN:358,header
FN:359,resonanceIntro
FN:361,essence
FN:363,intention
FN:365,reflection
FN:370,toneKeyFromOption
FN:381,lowerWithoutPeriod
FN:384,ensurePeriod
FN:387,renderVolumeIV
FNF:22
FNH:22
FNDA:2,reduceDigits
FNDA:25,collectDigits
FNDA:25,sumToCoreNumber
FNDA:17,header
FNDA:17,resonanceIntro
FNDA:17,essence
FNDA:17,intention
FNDA:17,reflection
FNDA:1,header
FNDA:1,resonanceIntro
FNDA:1,essence
FNDA:1,intention
FNDA:1,reflection
FNDA:2,header
FNDA:2,resonanceIntro
FNDA:2,essence
FNDA:2,intention
FNDA:2,reflection
FNDA:20,toneKeyFromOption
FNDA:40,lowerWithoutPeriod
FNDA:60,ensurePeriod
FNDA:20,renderVolumeIV
DA:48,1
DA:50,1
DA:51,1
DA:52,1
DA:53,1
DA:54,1
DA:55,1
DA:56,1
DA:57,1
DA:58,1
DA:59,1
DA:60,1
DA:61,1
DA:62,1
DA:63,1
DA:64,1
DA:65,1
DA:66,1
DA:67,1
DA:68,1
DA:69,1
DA:70,1
DA:71,1
DA:72,1
DA:73,1
DA:74,1
DA:75,1
DA:76,1
DA:77,1
DA:78,1
DA:79,1
DA:80,1
DA:81,1
DA:82,1
DA:83,1
DA:84,1
DA:85,1
DA:86,1
DA:87,1
DA:88,1
DA:89,1
DA:90,1
DA:91,1
DA:92,1
DA:93,1
DA:94,1
DA:95,1
DA:96,1
DA:97,1
DA:98,1
DA:99,1
DA:100,1
DA:101,1
DA:102,1
DA:103,1
DA:104,1
DA:105,1
DA:106,1
DA:107,1
DA:108,1
DA:109,1
DA:110,1
DA:111,1
DA:112,1
DA:113,1
DA:114,1
DA:115,1
DA:116,1
DA:117,1
DA:118,1
DA:119,1
DA:120,1
DA:121,1
DA:122,1
DA:123,1
DA:124,1
DA:125,1
DA:126,1
DA:127,1
DA:128,1
DA:129,1
DA:130,1
DA:131,1
DA:132,1
DA:133,1
DA:134,1
DA:135,1
DA:136,1
DA:137,1
DA:138,1
DA:139,1
DA:140,1
DA:141,1
DA:142,1
DA:143,1
DA:144,1
DA:145,1
DA:146,1
DA:147,1
DA:148,1
DA:149,1
DA:150,1
DA:151,1
DA:152,1
DA:153,1
DA:154,1
DA:155,1
DA:156,1
DA:157,1
DA:158,1
DA:159,1
DA:160,1
DA:161,1
DA:162,1
DA:163,1
DA:164,1
DA:165,1
DA:166,1
DA:167,1
DA:168,1
DA:169,1
DA:170,1
DA:171,1
DA:172,1
DA:173,1
DA:174,1
DA:175,1
DA:176,1
DA:177,1
DA:178,1
DA:179,1
DA:180,1
DA:181,1
DA:182,1
DA:183,1
DA:184,1
DA:185,1
DA:186,1
DA:187,1
DA:188,1
DA:189,1
DA:190,1
DA:191,1
DA:192,1
DA:193,1
DA:194,1
DA:195,1
DA:196,1
DA:197,1
DA:198,1
DA:199,1
DA:200,1
DA:201,1
DA:202,1
DA:203,1
DA:204,1
DA:205,1
DA:206,1
DA:207,1
DA:208,1
DA:209,1
DA:210,1
DA:211,1
DA:212,1
DA:213,1
DA:214,1
DA:215,1
DA:216,1
DA:217,1
DA:218,1
DA:219,1
DA:220,1
DA:221,1
DA:222,1
DA:223,1
DA:224,1
DA:225,1
DA:226,1
DA:227,1
DA:228,1
DA:229,1
DA:230,1
DA:231,1
DA:232,1
DA:233,1
DA:234,1
DA:235,1
DA:236,1
DA:237,1
DA:238,1
DA:239,1
DA:240,1
DA:241,1
DA:242,1
DA:243,1
DA:244,1
DA:245,1
DA:246,1
DA:247,1
DA:248,1
DA:249,1
DA:250,1
DA:251,1
DA:253,1
DA:255,1
DA:256,2
DA:257,2
DA:258,2
DA:259,2
DA:261,1
DA:262,25
DA:264,1
DA:265,25
DA:266,25
DA:267,25
DA:268,25
DA:269,25
DA:270,1
DA:271,1
DA:273,24
DA:274,25
DA:275,25
DA:277,25
DA:278,25
DA:279,3
DA:280,3
DA:282,21
DA:284,25
DA:285,2
DA:286,2
DA:288,25
DA:289,0
DA:290,0
DA:292,21
DA:293,21
DA:334,1
DA:335,1
DA:336,1
DA:337,1
DA:338,17
DA:339,1
DA:340,17
DA:341,1
DA:342,17
DA:343,1
DA:344,17
DA:345,1
DA:346,1
DA:347,1
DA:348,1
DA:349,1
DA:350,1
DA:351,1
DA:352,1
DA:353,1
DA:354,1
DA:355,1
DA:356,1
DA:357,1
DA:358,1
DA:359,1
DA:360,2
DA:361,1
DA:362,2
DA:363,1
DA:364,2
DA:365,1
DA:366,2
DA:367,1
DA:368,1
DA:370,1
DA:371,20
DA:372,20
DA:373,1
DA:374,20
DA:375,2
DA:376,20
DA:377,17
DA:378,20
DA:379,20
DA:381,1
DA:382,40
DA:384,1
DA:385,60
DA:387,1
DA:388,20
DA:389,20
DA:390,20
DA:391,20
DA:392,20
DA:393,20
DA:394,20
DA:395,20
DA:397,20
DA:398,20
DA:399,0
DA:400,0
DA:402,20
DA:404,20
DA:405,20
DA:406,20
DA:408,20
DA:409,20
DA:410,20
DA:411,20
DA:412,20
DA:413,20
DA:414,20
DA:416,20
DA:417,20
DA:418,20
DA:420,20
DA:421,20
DA:422,20
DA:424,20
DA:425,20
DA:426,8
DA:427,8
DA:428,20
DA:429,5
DA:430,5
DA:431,20
DA:432,8
DA:433,8
DA:434,20
DA:435,5
DA:436,5
DA:437,20
DA:438,6
DA:439,6
DA:441,20
DA:442,20
DA:443,20
DA:444,20
DA:445,20
DA:446,20
DA:447,20
DA:448,20
DA:450,20
DA:451,20
DA:452,20
DA:453,8
DA:454,8
DA:456,20
DA:457,20
DA:458,20
DA:459,20
DA:460,20
DA:461,20
DA:462,20
DA:463,20
DA:464,20
DA:466,20
DA:467,20
DA:468,3
DA:469,17
DA:471,20
DA:472,1
DA:473,1
DA:474,1
DA:475,1
DA:476,1
DA:477,1
DA:478,1
DA:479,1
DA:480,1
DA:481,1
DA:482,1
DA:483,1
DA:484,1
DA:485,1
DA:486,1
DA:487,1
DA:488,1
DA:489,1
DA:490,1
DA:491,1
DA:492,1
DA:493,1
DA:494,1
DA:495,1
DA:496,1
DA:497,1
DA:498,1
DA:499,1
DA:500,1
DA:501,1
DA:502,1
DA:503,1
DA:504,1
DA:505,0
DA:506,1
DA:507,1
DA:508,1
DA:509,1
DA:510,1
DA:511,19
DA:513,20
DA:514,20
LF:399
LH:394
BRDA:255,0,0,2
BRDA:259,1,0,4
BRDA:261,2,0,25
BRDA:262,3,0,1
BRDA:262,4,0,43
BRDA:264,5,0,25
BRDA:269,6,0,1
BRDA:270,7,0,0
BRDA:271,8,0,24
BRDA:274,9,0,20
BRDA:274,10,0,4
BRDA:278,11,0,24
BRDA:278,12,0,3
BRDA:280,13,0,21
BRDA:284,14,0,3
BRDA:284,15,0,2
BRDA:286,16,0,21
BRDA:288,17,0,0
BRDA:288,18,0,0
BRDA:290,19,0,21
BRDA:274,20,0,24
BRDA:282,21,0,37
BRDA:336,22,0,17
BRDA:337,23,0,17
BRDA:339,24,0,17
BRDA:341,25,0,17
BRDA:343,26,0,17
BRDA:347,27,0,1
BRDA:348,28,0,1
BRDA:350,29,0,1
BRDA:352,30,0,1
BRDA:354,31,0,1
BRDA:358,32,0,2
BRDA:359,33,0,2
BRDA:361,34,0,2
BRDA:363,35,0,2
BRDA:365,36,0,2
BRDA:370,37,0,20
BRDA:371,38,0,16
BRDA:372,39,0,1
BRDA:374,40,0,2
BRDA:376,41,0,17
BRDA:381,42,0,40
BRDA:384,43,0,60
BRDA:387,44,0,20
BRDA:391,45,0,0
BRDA:391,46,0,0
BRDA:398,47,0,0
BRDA:399,48,0,0
BRDA:402,49,0,0
BRDA:421,50,0,5
BRDA:425,51,0,8
BRDA:428,52,0,5
BRDA:431,53,0,8
BRDA:434,54,0,5
BRDA:437,55,0,6
BRDA:451,56,0,0
BRDA:452,57,0,8
BRDA:467,58,0,5
BRDA:467,59,0,3
BRDA:468,60,0,17
BRDA:471,61,0,5
BRDA:471,62,0,1
BRDA:485,63,0,0
BRDA:499,64,0,0
BRDA:503,65,0,0
BRDA:504,66,0,0
BRDA:510,67,0,19
BRDA:404,68,0,25
BRDA:405,69,0,25
BRDA:406,70,0,25
BRDA:411,71,0,25
BRDA:412,72,0,30
BRDA:417,73,0,25
BRDA:417,74,0,7
BRDA:429,75,0,5
BRDA:432,76,0,8
BRDA:435,77,0,5
BRF:78
BRH:65
end_of_record
TN:
SF:v4/assemble.ts
FN:41,assembleReading
FN:111,mergeConfig
FN:121,orderTokens
FN:125,rankToken
FN:134,deriveCoreFrequency
FN:142,reduceToSingleDigit
FN:153,valueForCore
FN:163,valueForFlow
FN:167,buildHeader
FN:193,buildAnchorFrame
FN:217,buildLayeredMeaning
FN:235,lookupLayerEntry
FN:257,pickEnergyMessage
FN:272,buildAlignmentSummary
FN:281,registerRow
FN:332,pickResonance
FN:348,pickGuidanceAspect
FN:365,pickEssenceSentence
FN:381,selectHeadline
FN:396,buildExplainPayload
FNF:20
FNH:20
FNDA:14,assembleReading
FNDA:14,mergeConfig
FNDA:14,orderTokens
FNDA:26,rankToken
FNDA:14,deriveCoreFrequency
FNDA:14,reduceToSingleDigit
FNDA:90,valueForCore
FNDA:64,valueForFlow
FNDA:14,buildHeader
FNDA:14,buildAnchorFrame
FNDA:14,buildLayeredMeaning
FNDA:24,lookupLayerEntry
FNDA:14,pickEnergyMessage
FNDA:14,buildAlignmentSummary
FNDA:50,registerRow
FNDA:14,pickResonance
FNDA:14,pickGuidanceAspect
FNDA:14,pickEssenceSentence
FNDA:14,selectHeadline
FNDA:4,buildExplainPayload
DA:1,1
DA:19,1
DA:20,1
DA:21,1
DA:22,1
DA:24,1
DA:25,1
DA:26,1
DA:27,1
DA:28,1
DA:29,1
DA:30,1
DA:31,1
DA:32,1
DA:33,1
DA:34,1
DA:41,1
DA:42,14
DA:43,14
DA:44,14
DA:45,14
DA:46,14
DA:47,14
DA:48,14
DA:50,14
DA:51,14
DA:52,14
DA:53,14
DA:54,14
DA:55,14
DA:57,14
DA:58,14
DA:59,14
DA:60,14
DA:61,14
DA:62,14
DA:63,14
DA:64,14
DA:65,14
DA:66,14
DA:67,14
DA:68,14
DA:69,14
DA:70,14
DA:71,14
DA:72,14
DA:73,14
DA:74,14
DA:75,14
DA:76,14
DA:77,14
DA:78,14
DA:79,14
DA:80,14
DA:81,14
DA:82,14
DA:83,14
DA:84,14
DA:85,14
DA:86,14
DA:87,14
DA:88,14
DA:89,14
DA:90,14
DA:91,14
DA:92,14
DA:93,14
DA:94,14
DA:95,14
DA:96,14
DA:98,14
DA:99,14
DA:100,4
DA:101,4
DA:102,4
DA:103,4
DA:104,4
DA:105,4
DA:106,4
DA:108,14
DA:109,14
DA:111,14
DA:112,14
DA:113,12
DA:114,12
DA:115,2
DA:116,14
DA:117,14
DA:118,14
DA:119,14
DA:121,14
DA:122,14
DA:123,14
DA:125,26
DA:126,26
DA:127,26
DA:128,11
DA:129,15
DA:130,26
DA:131,26
DA:132,26
DA:134,14
DA:135,14
DA:136,14
DA:137,14
DA:138,14
DA:139,14
DA:140,14
DA:142,14
DA:143,14
DA:144,14
DA:145,3
DA:146,3
DA:147,3
DA:148,3
DA:149,3
DA:150,14
DA:151,14
DA:153,90
DA:154,90
DA:155,2
DA:156,2
DA:157,2
DA:158,2
DA:159,2
DA:160,88
DA:161,88
DA:163,64
DA:164,64
DA:165,64
DA:167,14
DA:168,14
DA:169,14
DA:170,14
DA:171,14
DA:172,14
DA:173,14
DA:174,14
DA:175,14
DA:176,14
DA:177,14
DA:178,14
DA:179,14
DA:180,3
DA:181,1
DA:183,14
DA:184,14
DA:186,14
DA:187,14
DA:188,14
DA:190,14
DA:191,14
DA:193,14
DA:194,14
DA:195,14
DA:196,14
DA:197,14
DA:198,14
DA:199,14
DA:200,14
DA:201,24
DA:202,24
DA:203,24
DA:204,24
DA:205,7
DA:206,0
DA:207,24
DA:208,24
DA:209,1
DA:210,24
DA:211,23
DA:212,23
DA:213,14
DA:214,14
DA:215,14
DA:217,14
DA:218,14
DA:219,14
DA:220,14
DA:221,14
DA:222,14
DA:223,14
DA:224,24
DA:225,24
DA:226,24
DA:227,24
DA:228,24
DA:229,24
DA:230,24
DA:231,24
DA:232,14
DA:233,14
DA:235,24
DA:236,24
DA:237,24
DA:238,1
DA:239,1
DA:240,23
DA:241,24
DA:242,5
DA:243,24
DA:244,11
DA:245,18
DA:246,2
DA:247,7
DA:248,2
DA:249,3
DA:250,1
DA:251,3
DA:252,2
DA:253,2
DA:254,23
DA:255,24
DA:257,14
DA:258,14
DA:259,14
DA:260,14
DA:261,14
DA:262,14
DA:263,14
DA:264,14
DA:265,14
DA:266,5
DA:267,5
DA:268,1
DA:270,14
DA:272,14
DA:273,14
DA:274,14
DA:275,14
DA:276,14
DA:277,14
DA:278,14
DA:279,14
DA:281,14
DA:282,50
DA:283,3
DA:284,3
DA:285,47
DA:286,47
DA:287,47
DA:288,50
DA:289,50
DA:290,50
DA:291,50
DA:292,50
DA:293,50
DA:295,14
DA:296,24
DA:297,24
DA:298,4
DA:299,4
DA:300,24
DA:301,1
DA:302,23
DA:303,24
DA:304,24
DA:305,24
DA:306,14
DA:308,14
DA:309,14
DA:310,8
DA:311,8
DA:313,14
DA:314,11
DA:315,11
DA:316,11
DA:317,11
DA:318,11
DA:319,11
DA:320,30
DA:321,12
DA:322,12
DA:323,30
DA:324,14
DA:325,14
DA:326,11
DA:327,11
DA:329,14
DA:330,14
DA:332,14
DA:333,14
DA:334,14
DA:335,14
DA:336,14
DA:337,14
DA:338,14
DA:339,14
DA:340,8
DA:341,8
DA:342,6
DA:343,6
DA:344,2
DA:346,14
DA:348,14
DA:349,14
DA:350,14
DA:351,14
DA:352,14
DA:353,14
DA:354,14
DA:355,14
DA:356,14
DA:357,7
DA:358,2
DA:359,2
DA:360,2
DA:361,2
DA:363,14
DA:365,14
DA:366,14
DA:367,14
DA:368,14
DA:369,14
DA:370,14
DA:371,14
DA:372,14
DA:373,14
DA:374,1
DA:375,1
DA:376,14
DA:377,14
DA:378,14
DA:379,14
DA:381,14
DA:382,14
DA:383,11
DA:384,3
DA:385,14
DA:386,14
DA:387,14
DA:388,14
DA:389,14
DA:390,14
DA:391,1
DA:392,1
DA:393,13
DA:394,13
DA:396,4
DA:397,4
DA:398,4
DA:399,4
DA:400,4
DA:401,4
DA:402,4
DA:403,4
DA:404,4
DA:405,4
DA:406,4
DA:407,4
DA:408,4
DA:409,6
DA:410,6
DA:411,6
DA:412,6
DA:413,6
DA:414,4
DA:415,4
DA:416,4
DA:417,4
DA:418,4
DA:419,4
DA:420,4
DA:421,4
DA:422,4
DA:423,4
DA:424,4
DA:425,4
LF:368
LH:367
BRDA:41,0,0,14
BRDA:42,1,0,8
BRDA:99,2,0,8
BRDA:99,3,0,4
BRDA:54,4,0,24
BRDA:111,5,0,14
BRDA:112,6,0,12
BRDA:114,7,0,2
BRDA:116,8,0,0
BRDA:117,9,0,0
BRDA:121,10,0,14
BRDA:122,11,0,13
BRDA:125,12,0,26
BRDA:127,13,0,11
BRDA:128,14,0,15
BRDA:131,15,0,0
BRDA:126,16,0,24
BRDA:134,17,0,14
BRDA:136,18,0,24
BRDA:142,19,0,14
BRDA:144,20,0,3
BRDA:150,21,0,1
BRDA:150,22,0,13
BRDA:148,23,0,6
BRDA:153,24,0,90
BRDA:154,25,0,2
BRDA:159,26,0,88
BRDA:158,27,0,4
BRDA:163,28,0,64
BRDA:167,29,0,14
BRDA:175,30,0,3
BRDA:176,31,0,0
BRDA:179,32,0,3
BRDA:180,33,0,1
BRDA:183,34,0,12
BRDA:183,35,0,2
BRDA:186,36,0,0
BRDA:188,37,0,4
BRDA:188,38,0,1
BRDA:193,39,0,14
BRDA:199,40,0,3
BRDA:200,41,0,24
BRDA:201,42,0,0
BRDA:202,43,0,0
BRDA:204,44,0,7
BRDA:205,45,0,0
BRDA:208,46,0,1
BRDA:210,47,0,23
BRDA:217,48,0,14
BRDA:223,49,0,24
BRDA:228,50,0,21
BRDA:228,51,0,3
BRDA:229,52,0,21
BRDA:229,53,0,3
BRDA:235,54,0,24
BRDA:237,55,0,1
BRDA:239,56,0,23
BRDA:241,57,0,5
BRDA:242,58,0,1
BRDA:243,59,0,18
BRDA:243,60,0,11
BRDA:245,61,0,7
BRDA:245,62,0,2
BRDA:247,63,0,5
BRDA:247,64,0,3
BRDA:247,65,0,3
BRDA:247,66,0,2
BRDA:249,67,0,1
BRDA:250,68,0,0
BRDA:251,69,0,2
BRDA:253,70,0,23
BRDA:257,71,0,14
BRDA:262,72,0,3
BRDA:263,73,0,0
BRDA:265,74,0,5
BRDA:266,75,0,5
BRDA:267,76,0,1
BRDA:272,77,0,14
BRDA:309,78,0,9
BRDA:309,79,0,8
BRDA:313,80,0,11
BRDA:281,81,0,50
BRDA:282,82,0,3
BRDA:284,83,0,47
BRDA:288,84,0,0
BRDA:295,85,0,24
BRDA:297,86,0,4
BRDA:300,87,0,1
BRDA:301,88,0,23
BRDA:316,89,0,16
BRDA:316,90,0,54
BRDA:319,91,0,30
BRDA:320,92,0,12
BRDA:322,93,0,18
BRDA:323,94,0,14
BRDA:332,95,0,14
BRDA:337,96,0,3
BRDA:339,97,0,12
BRDA:339,98,0,8
BRDA:341,99,0,6
BRDA:343,100,0,2
BRDA:348,101,0,14
BRDA:353,102,0,3
BRDA:354,103,0,0
BRDA:356,104,0,7
BRDA:357,105,0,2
BRDA:365,106,0,14
BRDA:371,107,0,3
BRDA:373,108,0,1
BRDA:374,109,0,1
BRDA:377,110,0,0
BRDA:381,111,0,14
BRDA:382,112,0,11
BRDA:383,113,0,3
BRDA:386,114,0,11
BRDA:386,115,0,3
BRDA:390,116,0,1
BRDA:391,117,0,0
BRDA:392,118,0,13
BRDA:383,119,0,20
BRDA:388,120,0,17
BRDA:396,121,0,4
BRDA:418,122,0,2
BRDA:419,123,0,2
BRDA:420,124,0,2
BRDA:422,125,0,2
BRDA:408,126,0,6
BRF:127
BRH:113
end_of_record
TN:
SF:v4/index.ts
FN:12,generateReadingV4
FN:24,isFeatureEnabled
FN:33,withConfig
FNF:3
FNH:3
FNDA:4,generateReadingV4
FNDA:6,isFeatureEnabled
FNDA:2,withConfig
DA:1,1
DA:12,1
DA:13,4
DA:14,4
DA:15,4
DA:16,4
DA:17,1
DA:18,1
DA:19,1
DA:20,1
DA:21,3
DA:22,3
DA:24,1
DA:25,6
DA:26,3
DA:27,3
DA:28,3
DA:29,6
DA:30,6
DA:31,6
DA:33,1
DA:34,2
DA:35,2
DA:36,2
DA:37,2
DA:38,1
DA:39,1
DA:40,1
DA:41,1
DA:42,2
DA:43,2
DA:44,2
LF:32
LH:32
BRDA:12,0,0,4
BRDA:16,1,0,3
BRDA:16,2,0,1
BRDA:20,3,0,3
BRDA:24,4,0,6
BRDA:25,5,0,3
BRDA:29,6,0,0
BRDA:33,7,0,2
BRDA:37,8,0,1
BRDA:42,9,0,0
BRF:10
BRH:8
end_of_record
TN:
SF:v4/motifs.ts
FN:18,detectMotifs
FN:85,dedupeMotifs
FN:89,isMirrorTime
FN:97,isMirrorNumeric
FN:102,reverseString
FN:106,isGateway
FN:121,isTriple
FN:125,isShift555
FN:130,isHeartStack
FN:138,isBuilderPattern
FN:143,isAbundance
FN:148,isProgression
FN:169,isArrival
FN:199,motifStrength
FN:203,dominantMotif
FNF:15
FNH:15
FNDA:18,detectMotifs
FNDA:40,dedupeMotifs
FNDA:16,isMirrorTime
FNDA:24,isMirrorNumeric
FNDA:40,reverseString
FNDA:40,isGateway
FNDA:40,isTriple
FNDA:40,isShift555
FNDA:40,isHeartStack
FNDA:40,isBuilderPattern
FNDA:40,isAbundance
FNDA:2,isProgression
FNDA:18,isArrival
FNDA:24,motifStrength
FNDA:15,dominantMotif
DA:3,1
DA:5,1
DA:6,1
DA:7,1
DA:8,1
DA:9,1
DA:10,1
DA:11,1
DA:12,1
DA:13,1
DA:14,1
DA:15,1
DA:16,1
DA:18,1
DA:19,18
DA:20,18
DA:22,18
DA:23,40
DA:24,40
DA:25,8
DA:26,40
DA:27,15
DA:28,15
DA:30,40
DA:31,7
DA:32,7
DA:34,40
DA:35,8
DA:36,8
DA:38,40
DA:39,3
DA:40,3
DA:42,40
DA:43,1
DA:44,1
DA:46,40
DA:47,2
DA:48,2
DA:50,40
DA:51,2
DA:52,2
DA:54,40
DA:55,2
DA:56,2
DA:58,40
DA:59,40
DA:60,18
DA:62,18
DA:63,1
DA:64,1
DA:65,3
DA:66,3
DA:67,3
DA:68,1
DA:69,1
DA:71,18
DA:72,4
DA:73,4
DA:74,12
DA:75,7
DA:76,7
DA:77,7
DA:78,7
DA:79,4
DA:80,4
DA:82,18
DA:83,18
DA:85,40
DA:86,40
DA:87,40
DA:89,16
DA:90,16
DA:91,16
DA:92,0
DA:93,0
DA:94,16
DA:95,16
DA:97,24
DA:98,24
DA:99,24
DA:100,24
DA:102,40
DA:103,40
DA:104,40
DA:106,40
DA:107,40
DA:108,40
DA:109,7
DA:110,7
DA:111,40
DA:112,4
DA:113,4
DA:114,40
DA:115,14
DA:116,14
DA:117,15
DA:118,15
DA:119,40
DA:121,40
DA:122,40
DA:123,40
DA:125,40
DA:126,40
DA:127,40
DA:128,40
DA:130,40
DA:131,40
DA:132,36
DA:133,36
DA:134,4
DA:135,40
DA:136,40
DA:138,40
DA:139,40
DA:140,40
DA:141,40
DA:143,40
DA:144,40
DA:145,40
DA:146,40
DA:148,2
DA:149,2
DA:150,2
DA:151,2
DA:152,2
DA:153,0
DA:154,0
DA:155,2
DA:156,2
DA:157,3
DA:158,2
DA:159,2
DA:160,1
DA:161,1
DA:162,3
DA:163,1
DA:164,1
DA:165,3
DA:166,1
DA:167,1
DA:169,18
DA:170,18
DA:171,18
DA:172,18
DA:173,18
DA:175,18
DA:176,14
DA:177,14
DA:179,4
DA:180,4
DA:181,2
DA:182,18
DA:183,2
DA:184,2
DA:186,2
DA:188,18
DA:189,1
DA:190,1
DA:192,1
DA:193,1
DA:194,1
DA:195,1
DA:196,18
DA:197,18
DA:199,1
DA:200,24
DA:201,24
DA:203,1
DA:204,15
DA:205,4
DA:206,4
DA:207,15
DA:208,28
DA:209,11
DA:210,11
DA:211,28
DA:212,0
DA:213,0
LF:178
LH:172
BRDA:18,0,0,18
BRDA:62,1,0,2
BRDA:62,2,0,1
BRDA:71,3,0,4
BRDA:20,4,0,40
BRDA:22,5,0,40
BRDA:24,6,0,16
BRDA:24,7,0,8
BRDA:26,8,0,32
BRDA:26,9,0,24
BRDA:26,10,0,15
BRDA:30,11,0,7
BRDA:34,12,0,8
BRDA:38,13,0,3
BRDA:42,14,0,1
BRDA:46,15,0,2
BRDA:50,16,0,2
BRDA:54,17,0,2
BRDA:59,18,0,48
BRDA:64,19,0,3
BRDA:73,20,0,12
BRDA:74,21,0,8
BRDA:74,22,0,5
BRDA:74,23,0,7
BRDA:82,24,0,180
BRDA:85,25,0,40
BRDA:89,26,0,16
BRDA:91,27,0,0
BRDA:97,28,0,24
BRDA:102,29,0,40
BRDA:106,30,0,40
BRDA:108,31,0,7
BRDA:110,32,0,33
BRDA:111,33,0,29
BRDA:111,34,0,29
BRDA:111,35,0,4
BRDA:113,36,0,29
BRDA:114,37,0,14
BRDA:116,38,0,15
BRDA:121,39,0,40
BRDA:125,40,0,40
BRDA:127,41,0,37
BRDA:130,42,0,40
BRDA:131,43,0,36
BRDA:133,44,0,4
BRDA:135,45,0,1
BRDA:138,46,0,40
BRDA:140,47,0,38
BRDA:143,48,0,40
BRDA:145,49,0,38
BRDA:148,50,0,2
BRDA:152,51,0,0
BRDA:156,52,0,3
BRDA:157,53,0,2
BRDA:159,54,0,1
BRDA:162,55,0,1
BRDA:165,56,0,1
BRDA:150,57,0,5
BRDA:151,58,0,3
BRDA:169,59,0,18
BRDA:175,60,0,14
BRDA:175,61,0,14
BRDA:177,62,0,4
BRDA:180,63,0,2
BRDA:182,64,0,2
BRDA:188,65,0,1
BRDA:194,66,0,1
BRDA:170,67,0,36
BRDA:172,68,0,39
BRDA:172,69,0,36
BRDA:181,70,0,4
BRDA:186,71,0,2
BRDA:199,72,0,24
BRDA:203,73,0,15
BRDA:204,74,0,4
BRDA:206,75,0,11
BRDA:207,76,0,28
BRDA:208,77,0,11
BRDA:211,78,0,0
BRF:79
BRH:76
end_of_record
TN:
SF:v4/parse.ts
FN:17,value
FN:35,value
FN:43,value
FN:51,value
FN:58,value
FN:66,value
FN:73,value
FN:80,value
FN:89,value
FN:110,extractTokens
FN:179,ensureTokens
FN:186,buildReduction
FN:212,collectDigits
FN:219,sumDigits
FN:226,isOccupied
FN:234,intersects
FN:246,clamp
FNF:17
FNH:16
FNDA:17,value
FNDA:10,value
FNDA:3,value
FNDA:2,value
FNDA:5,value
FNDA:4,value
FNDA:8,value
FNDA:1,value
FNDA:0,value
FNDA:20,extractTokens
FNDA:14,ensureTokens
FNDA:50,buildReduction
FNDA:50,collectDigits
FNDA:33,sumDigits
FNDA:117,isOccupied
FNDA:252,intersects
FNDA:10,clamp
DA:9,1
DA:13,1
DA:14,1
DA:15,1
DA:16,1
DA:17,1
DA:18,17
DA:19,17
DA:20,17
DA:21,0
DA:22,0
DA:23,17
DA:24,17
DA:25,17
DA:26,17
DA:27,17
DA:28,17
DA:29,17
DA:30,17
DA:31,1
DA:32,1
DA:33,1
DA:34,1
DA:35,1
DA:36,10
DA:37,10
DA:38,10
DA:39,1
DA:40,1
DA:41,1
DA:42,1
DA:43,1
DA:44,3
DA:45,3
DA:46,3
DA:47,1
DA:48,1
DA:49,1
DA:50,1
DA:51,1
DA:52,2
DA:53,2
DA:54,1
DA:55,1
DA:56,1
DA:57,1
DA:58,1
DA:59,5
DA:60,5
DA:61,5
DA:62,1
DA:63,1
DA:64,1
DA:65,1
DA:66,1
DA:67,4
DA:68,4
DA:69,1
DA:70,1
DA:71,1
DA:72,1
DA:73,1
DA:74,8
DA:75,8
DA:76,1
DA:77,1
DA:78,1
DA:79,1
DA:80,1
DA:81,1
DA:82,1
DA:83,1
DA:84,1
DA:85,1
DA:86,1
DA:87,1
DA:88,1
DA:89,1
DA:90,0
DA:91,0
DA:92,0
DA:93,1
DA:94,1
DA:103,1
DA:104,1
DA:105,1
DA:106,1
DA:108,1
DA:110,1
DA:111,20
DA:112,20
DA:113,20
DA:114,20
DA:120,20
DA:122,20
DA:124,20
DA:125,180
DA:126,180
DA:127,180
DA:128,117
DA:129,117
DA:130,117
DA:131,67
DA:132,67
DA:133,50
DA:134,117
DA:135,0
DA:136,0
DA:137,50
DA:138,50
DA:139,50
DA:140,20
DA:142,20
DA:144,20
DA:145,20
DA:146,20
DA:147,20
DA:149,20
DA:150,50
DA:151,50
DA:152,50
DA:153,50
DA:154,50
DA:155,50
DA:156,50
DA:157,50
DA:158,50
DA:159,50
DA:161,50
DA:162,10
DA:163,10
DA:164,3
DA:165,3
DA:166,7
DA:167,6
DA:168,7
DA:169,3
DA:170,7
DA:171,3
DA:172,3
DA:173,10
DA:175,50
DA:176,20
DA:177,20
DA:179,1
DA:180,14
DA:181,0
DA:182,0
DA:183,14
DA:184,14
DA:186,50
DA:187,50
DA:188,50
DA:190,50
DA:191,50
DA:193,50
DA:194,33
DA:195,33
DA:196,33
DA:198,50
DA:199,50
DA:200,50
DA:201,50
DA:202,50
DA:203,50
DA:205,50
DA:206,2
DA:207,2
DA:209,50
DA:210,50
DA:212,50
DA:213,50
DA:214,50
DA:215,50
DA:216,50
DA:217,50
DA:219,33
DA:220,33
DA:221,33
DA:222,33
DA:223,33
DA:224,33
DA:226,117
DA:227,117
DA:228,117
DA:229,117
DA:230,117
DA:231,117
DA:232,117
DA:234,252
DA:235,252
DA:236,252
DA:237,252
DA:238,252
DA:239,252
DA:240,252
DA:241,252
DA:242,107
DA:244,252
DA:246,10
DA:247,10
DA:248,10
LF:202
LH:193
BRDA:17,0,0,17
BRDA:20,1,0,0
BRDA:35,2,0,10
BRDA:43,3,0,3
BRDA:51,4,0,2
BRDA:58,5,0,5
BRDA:60,6,0,0
BRDA:66,7,0,4
BRDA:73,8,0,8
BRDA:80,9,0,1
BRDA:110,10,0,20
BRDA:145,11,0,15
BRDA:145,12,0,5
BRDA:146,13,0,15
BRDA:146,14,0,5
BRDA:124,15,0,180
BRDA:127,16,0,117
BRDA:130,17,0,67
BRDA:132,18,0,50
BRDA:134,19,0,0
BRDA:136,20,0,50
BRDA:142,21,0,58
BRDA:142,22,0,0
BRDA:149,23,0,50
BRDA:161,24,0,10
BRDA:163,25,0,3
BRDA:165,26,0,7
BRDA:166,27,0,6
BRDA:168,28,0,3
BRDA:170,29,0,4
BRDA:170,30,0,3
BRDA:179,31,0,14
BRDA:180,32,0,0
BRDA:180,33,0,0
BRDA:186,34,0,50
BRDA:193,35,0,35
BRDA:193,36,0,33
BRDA:193,37,0,33
BRDA:193,38,0,33
BRDA:205,39,0,48
BRDA:205,40,0,48
BRDA:205,41,0,2
BRDA:190,42,0,159
BRDA:200,43,0,159
BRDA:212,44,0,50
BRDA:215,45,0,233
BRDA:216,46,0,159
BRDA:219,47,0,33
BRDA:223,48,0,66
BRDA:226,49,0,117
BRDA:231,50,0,252
BRDA:234,51,0,252
BRDA:241,52,0,107
BRDA:246,53,0,10
BRF:54
BRH:48
end_of_record
TN:
SF:v4/__tests__/helpers.spec.ts
FNF:0
FNH:0
DA:1,1
DA:2,1
DA:3,1
DA:4,1
DA:5,1
DA:7,1
DA:9,1
DA:10,1
DA:11,1
DA:12,1
DA:13,1
DA:14,1
DA:15,1
DA:16,1
DA:17,1
DA:18,1
DA:19,1
DA:21,1
DA:22,1
DA:23,1
DA:25,1
DA:26,1
DA:27,1
DA:28,1
DA:29,1
DA:30,1
DA:31,1
DA:32,1
DA:33,1
DA:34,1
DA:35,1
DA:36,1
DA:37,1
DA:38,1
DA:39,6
DA:40,1
DA:41,1
DA:42,1
DA:43,1
DA:45,1
DA:46,1
DA:47,1
DA:48,1
DA:49,1
DA:51,1
DA:52,1
DA:53,1
DA:55,1
DA:56,1
DA:57,1
DA:58,1
DA:59,1
DA:60,1
DA:61,1
DA:63,1
DA:64,1
DA:65,1
DA:66,1
DA:67,1
DA:69,1
DA:70,1
DA:71,1
DA:72,1
DA:73,1
DA:74,1
DA:75,1
DA:76,1
DA:77,1
DA:78,1
DA:80,1
DA:81,1
DA:82,1
DA:83,1
DA:84,1
DA:85,1
DA:87,1
DA:88,1
DA:89,1
DA:90,1
DA:91,1
DA:92,1
DA:93,1
DA:94,1
DA:95,1
DA:96,1
DA:97,0
DA:98,0
DA:99,1
DA:101,1
DA:102,1
DA:103,1
DA:104,1
DA:105,1
DA:106,1
DA:107,1
DA:108,1
DA:110,1
DA:111,1
DA:112,1
DA:114,1
DA:115,1
DA:116,1
DA:117,1
DA:118,1
DA:119,1
DA:120,1
DA:121,1
DA:123,1
DA:124,1
DA:125,1
DA:126,1
DA:128,1
DA:129,1
DA:130,1
DA:131,1
DA:132,1
DA:134,1
DA:135,1
DA:136,1
DA:137,1
DA:138,1
DA:139,1
DA:140,1
DA:141,1
DA:143,1
DA:144,1
DA:145,1
DA:148,1
DA:149,1
DA:150,1
DA:151,1
DA:152,1
DA:153,1
DA:155,1
DA:156,1
DA:157,1
DA:158,1
DA:159,1
DA:160,1
DA:161,1
DA:162,1
DA:163,1
DA:164,1
DA:165,1
DA:166,1
DA:167,1
DA:169,1
DA:170,1
DA:171,1
DA:172,1
LF:150
LH:148
BRDA:9,0,0,1
BRDA:10,1,0,1
BRDA:21,2,0,1
BRDA:22,3,0,4
BRDA:23,4,0,8
BRDA:30,5,0,2
BRDA:30,6,0,1
BRDA:34,7,0,9
BRDA:34,8,0,2
BRDA:38,9,0,6
BRDA:39,10,0,1
BRDA:47,11,0,1
BRDA:51,12,0,1
BRDA:63,13,0,1
BRDA:69,14,0,1
BRDA:80,15,0,1
BRDA:87,16,0,1
BRDA:88,17,0,1
BRDA:96,18,0,0
BRDA:101,19,0,1
BRDA:114,20,0,1
BRDA:123,21,0,1
BRDA:124,22,0,1
BRDA:134,23,0,1
BRDA:143,24,0,2
BRDA:148,25,0,1
BRDA:151,26,0,4
BRDA:155,27,0,1
BRF:28
BRH:27
end_of_record
TN:
SF:v4/__tests__/reading.spec.ts
FNF:0
FNH:0
DA:1,1
DA:2,1
DA:5,1
DA:7,1
DA:8,1
DA:9,4
DA:10,1
DA:12,1
DA:13,1
DA:14,1
DA:15,1
DA:17,1
DA:18,1
DA:19,1
DA:20,1
DA:21,1
DA:22,1
DA:23,1
DA:25,1
DA:26,1
DA:27,1
DA:28,1
DA:29,1
DA:30,1
DA:31,1
DA:32,1
DA:33,1
DA:34,1
DA:35,1
DA:36,1
DA:37,1
DA:39,1
DA:40,1
DA:41,1
DA:42,1
DA:43,1
DA:44,1
DA:45,1
DA:46,1
DA:47,1
DA:48,1
DA:49,1
DA:50,1
DA:51,1
DA:53,1
DA:54,1
DA:55,1
DA:57,1
DA:58,1
DA:59,1
DA:60,1
DA:62,1
DA:63,1
DA:64,1
DA:65,1
DA:66,1
DA:67,1
DA:69,1
DA:70,1
DA:72,1
DA:73,1
DA:74,1
DA:75,1
DA:76,1
DA:77,1
DA:78,1
DA:79,1
DA:81,1
DA:82,1
DA:83,1
DA:85,1
DA:86,1
DA:88,1
DA:89,1
DA:90,1
DA:91,1
DA:93,1
DA:94,1
DA:95,1
DA:96,1
DA:97,1
DA:98,1
DA:99,1
DA:101,1
DA:102,1
DA:103,1
DA:104,1
DA:105,1
DA:107,1
DA:108,1
DA:109,1
DA:110,1
DA:111,1
DA:112,1
DA:113,1
DA:115,1
DA:116,1
DA:117,1
DA:118,1
DA:119,1
DA:120,1
DA:122,1
DA:123,1
DA:124,1
DA:125,1
DA:127,1
DA:128,1
DA:129,1
DA:130,1
DA:132,1
DA:133,1
DA:134,1
DA:136,1
DA:137,1
DA:138,1
DA:139,1
DA:140,1
DA:141,1
DA:142,1
DA:143,1
DA:144,1
DA:146,1
DA:147,1
DA:149,1
DA:150,1
DA:151,1
DA:152,1
DA:153,1
DA:154,1
DA:156,1
DA:157,1
DA:159,1
DA:160,1
DA:161,1
DA:162,1
DA:165,1
DA:166,1
DA:168,1
DA:169,1
DA:170,1
DA:171,1
DA:172,1
DA:173,1
DA:175,1
DA:178,1
DA:180,1
DA:181,1
DA:182,1
DA:183,1
DA:184,1
DA:186,1
DA:187,1
DA:188,1
DA:189,1
DA:190,1
DA:191,1
DA:192,1
DA:194,1
DA:195,1
DA:196,1
DA:197,1
DA:198,1
DA:201,1
DA:202,1
DA:203,1
DA:204,1
DA:205,1
DA:206,1
LF:168
LH:168
BRDA:7,0,0,1
BRDA:8,1,0,4
BRDA:12,2,0,1
BRDA:14,3,0,1
BRDA:17,4,0,1
BRDA:53,5,0,4
BRDA:54,6,0,4
BRDA:55,7,0,4
BRDA:62,8,0,1
BRDA:93,9,0,1
BRDA:122,10,0,1
BRDA:123,11,0,1
BRDA:132,12,0,1
BRDA:136,13,0,4
BRDA:138,14,0,3
BRDA:141,15,0,1
BRDA:146,16,0,1
BRDA:156,17,0,1
BRDA:165,18,0,1
BRDA:175,19,0,1
BRDA:186,20,0,1
BRDA:197,21,0,2
BRDA:198,22,0,2
BRF:23
BRH:23
end_of_record
